<?xml version="1.0" encoding="UTF-8"?>
<!-- Generated by org.testng.reporters.JUnitReportReporter -->
<testsuite hostname="DESKTOP-CMMN98B" failures="0" tests="1" name="BatchExecution.BatchClass2" time="5.681" errors="0" timestamp="2023-06-21T10:47:53 IST" skipped="0">
  <testcase classname="BatchExecution.BatchClass2" name="test3" time="5.681"/>
</testsuite> <!-- BatchExecution.BatchClass2 -->
