<?xml version="1.0" encoding="UTF-8"?>
<!-- Generated by org.testng.reporters.JUnitReportReporter -->
<testsuite hostname="DESKTOP-CMMN98B" failures="0" tests="3" name="GroupExecution.GroupExecution102" time="17.268" errors="0" timestamp="2023-06-21T11:05:59 IST" skipped="0">
  <testcase classname="GroupExecution.GroupExecution102" name="test2" time="5.843"/>
  <testcase classname="GroupExecution.GroupExecution102" name="test1" time="4.645"/>
  <testcase classname="GroupExecution.GroupExecution102" name="test3" time="6.780"/>
</testsuite> <!-- GroupExecution.GroupExecution102 -->
