<?xml version="1.0" encoding="UTF-8"?>
<!-- Generated by org.testng.reporters.JUnitReportReporter -->
<testsuite hostname="DESKTOP-CMMN98B" failures="0" tests="1" name="GroupExecution.GroupClass101" time="4.651" errors="0" timestamp="2023-06-21T10:55:47 IST" skipped="0">
  <testcase classname="GroupExecution.GroupClass101" name="test2" time="4.651"/>
</testsuite> <!-- GroupExecution.GroupClass101 -->
