<?xml version="1.0" encoding="UTF-8"?>
<!-- Generated by org.testng.reporters.JUnitReportReporter -->
<testsuite hostname="DESKTOP-CMMN98B" failures="0" tests="1" name="CrossExecution.CrossExecution" time="9.587" errors="0" timestamp="2023-06-21T10:31:40 IST" skipped="0">
  <testcase classname="CrossExecution.CrossExecution" name="m1" time="9.587"/>
</testsuite> <!-- CrossExecution.CrossExecution -->
