<?xml version="1.0" encoding="UTF-8"?>
<!-- Generated by org.testng.reporters.JUnitReportReporter -->
<testsuite hostname="DESKTOP-CMMN98B" failures="0" tests="1" name="GroupExecution.GroupExecution103" time="9.313" errors="0" timestamp="2023-06-21T10:20:08 IST" skipped="0">
  <testcase classname="GroupExecution.GroupExecution103" name="test3" time="9.313"/>
</testsuite> <!-- GroupExecution.GroupExecution103 -->
