<?xml version="1.0" encoding="UTF-8"?>
<!-- Generated by org.testng.reporters.JUnitReportReporter -->
<testsuite hostname="DESKTOP-CMMN98B" failures="0" tests="1" name="GroupExecution.GroupClass2" time="5.707" errors="0" timestamp="2023-06-21T10:52:52 IST" skipped="0">
  <testcase classname="GroupExecution.GroupClass2" name="test3" time="5.707"/>
</testsuite> <!-- GroupExecution.GroupClass2 -->
