<?xml version="1.0" encoding="UTF-8"?>
<!-- Generated by org.testng.reporters.JUnitReportReporter -->
<testsuite hostname="DESKTOP-CMMN98B" failures="0" tests="1" name="Parallel.Class2" time="9.860" errors="0" timestamp="2023-06-21T10:42:44 IST" skipped="0">
  <testcase classname="Parallel.Class2" name="test1" time="9.860"/>
</testsuite> <!-- Parallel.Class2 -->
