<?xml version="1.0" encoding="UTF-8"?>
<!-- Generated by org.testng.reporters.JUnitReportReporter -->
<testsuite hostname="DESKTOP-CMMN98B" failures="0" tests="1" name="GroupExecution.GroupClass10_1" time="5.490" errors="0" timestamp="2023-06-21T10:55:47 IST" skipped="0">
  <testcase classname="GroupExecution.GroupClass10_1" name="test3" time="5.490"/>
</testsuite> <!-- GroupExecution.GroupClass10_1 -->
