<?xml version="1.0" encoding="UTF-8"?>
<!-- Generated by org.testng.reporters.JUnitReportReporter -->
<testsuite hostname="DESKTOP-CMMN98B" failures="0" tests="1" name="CrossExecution.TestCross" time="8.054" errors="0" timestamp="2023-06-21T10:34:26 IST" skipped="0">
  <testcase classname="CrossExecution.TestCross" name="m1" time="8.054"/>
</testsuite> <!-- CrossExecution.TestCross -->
