<?xml version="1.0" encoding="UTF-8"?>
<!-- Generated by org.testng.reporters.JUnitReportReporter -->
<testsuite hostname="DESKTOP-CMMN98B" failures="0" tests="3" name="GroupExecution.GroupExecution10_2" time="10.518" errors="0" timestamp="2023-06-21T11:05:59 IST" skipped="0">
  <testcase classname="GroupExecution.GroupExecution10_2" name="test3" time="2.976"/>
  <testcase classname="GroupExecution.GroupExecution10_2" name="test2" time="2.444"/>
  <testcase classname="GroupExecution.GroupExecution10_2" name="test1" time="5.098"/>
</testsuite> <!-- GroupExecution.GroupExecution10_2 -->
