<?xml version="1.0" encoding="UTF-8"?>
<!-- Generated by org.testng.reporters.JUnitReportReporter -->
<testsuite hostname="DESKTOP-CMMN98B" failures="0" tests="1" name="Parallel.ClassParallel" time="6.716" errors="0" timestamp="2023-06-21T10:20:16 IST" skipped="0">
  <testcase classname="Parallel.ClassParallel" name="test1" time="6.716"/>
</testsuite> <!-- Parallel.ClassParallel -->
