<?xml version="1.0" encoding="UTF-8"?>
<!-- Generated by org.testng.reporters.JUnitReportReporter -->
<testsuite hostname="DESKTOP-CMMN98B" failures="0" tests="2" name="TestNG.TestRunner" time="0.050" errors="0" timestamp="2023-06-21T10:40:31 IST" skipped="0">
  <testcase classname="TestNG.TestRunner" name="testscript1" time="0.023"/>
  <testcase classname="TestNG.TestRunner" name="testscript2" time="0.027"/>
</testsuite> <!-- TestNG.TestRunner -->
