<?xml version="1.0" encoding="UTF-8"?>
<!-- Generated by org.testng.reporters.JUnitReportReporter -->
<testsuite hostname="DESKTOP-CMMN98B" failures="0" tests="1" name="GroupExecution.GroupClass1" time="4.542" errors="0" timestamp="2023-06-21T10:52:52 IST" skipped="0">
  <testcase classname="GroupExecution.GroupClass1" name="test2" time="4.542"/>
</testsuite> <!-- GroupExecution.GroupClass1 -->
