<?xml version="1.0" encoding="UTF-8"?>
<!-- Generated by org.testng.reporters.JUnitReportReporter -->
<testsuite hostname="DESKTOP-CMMN98B" failures="0" tests="1" name="BatchExecution.BatchClass1" time="4.836" errors="0" timestamp="2023-06-21T10:47:54 IST" skipped="0">
  <testcase classname="BatchExecution.BatchClass1" name="test2" time="4.836"/>
</testsuite> <!-- BatchExecution.BatchClass1 -->
