<?xml version="1.0" encoding="UTF-8"?>
<!-- Generated by org.testng.reporters.JUnitReportReporter -->
<testsuite hostname="DESKTOP-CMMN98B" failures="0" tests="2" name="Parallel.MethodParallel" time="17.104" errors="0" timestamp="2023-06-21T10:36:55 IST" skipped="0">
  <testcase classname="Parallel.MethodParallel" name="test1" time="8.894"/>
  <testcase classname="Parallel.MethodParallel" name="test2" time="8.210"/>
</testsuite> <!-- Parallel.MethodParallel -->
